[2021-05-18T16:36:49.597] [DEBUG] cheese - login => username:zs,password:123456
[2021-05-18T16:36:49.601] [DEBUG] cheese - zs
[2021-05-18T16:36:49.609] [DEBUG] cheese - null
[2021-05-18T16:36:49.610] [DEBUG] cheese - null
[2021-05-18T16:37:22.027] [DEBUG] cheese - login => username:admin,password:123456
[2021-05-18T16:37:22.027] [DEBUG] cheese - admin
[2021-05-18T16:37:22.032] [DEBUG] cheese - null
[2021-05-18T16:37:22.032] [DEBUG] cheese - null
[2021-05-19T16:39:58.581] [DEBUG] cheese - login => username:张三,password:lisi 13
[2021-05-19T16:39:58.582] [DEBUG] cheese - 张三
[2021-05-19T16:39:58.625] [DEBUG] cheese - null
[2021-05-19T16:39:58.625] [DEBUG] cheese - null
[2021-05-19T16:40:52.450] [DEBUG] cheese - login => username:张三,password:123456789
[2021-05-19T16:40:52.450] [DEBUG] cheese - 张三
[2021-05-19T16:40:52.452] [DEBUG] cheese - null
[2021-05-19T16:40:52.452] [DEBUG] cheese - null
[2021-05-19T16:41:57.953] [DEBUG] cheese - login => username:张三,password:123456789
[2021-05-19T16:41:57.953] [DEBUG] cheese - 张三
[2021-05-19T16:41:57.956] [DEBUG] cheese - null
[2021-05-19T16:41:57.956] [DEBUG] cheese - null
[2021-05-19T16:42:11.284] [DEBUG] cheese - login => username:张三,password:123456789
[2021-05-19T16:42:11.284] [DEBUG] cheese - 张三
[2021-05-19T16:42:11.288] [DEBUG] cheese - null
[2021-05-19T16:42:11.288] [DEBUG] cheese - null
[2021-05-19T16:42:27.088] [DEBUG] cheese - login => username:张三,password:123456789
[2021-05-19T16:42:27.088] [DEBUG] cheese - 张三
[2021-05-19T16:42:27.090] [DEBUG] cheese - null
[2021-05-19T16:42:27.090] [DEBUG] cheese - null
[2021-05-19T16:42:37.558] [DEBUG] cheese - login => username:admin,password:123456
[2021-05-19T16:42:37.558] [DEBUG] cheese - admin
[2021-05-19T16:42:37.563] [DEBUG] cheese - null
[2021-05-19T16:42:37.563] [DEBUG] cheese - null
[2021-05-19T16:44:35.023] [DEBUG] cheese - login => username:admin,password:123456
[2021-05-19T16:44:35.023] [DEBUG] cheese - admin
[2021-05-19T16:44:35.026] [DEBUG] cheese - null
[2021-05-19T16:44:35.026] [DEBUG] cheese - null
[2021-05-19T16:45:00.933] [DEBUG] cheese - login => username:admin,password:123456
[2021-05-19T16:45:00.933] [DEBUG] cheese - admin
[2021-05-19T16:45:00.936] [DEBUG] cheese - null
[2021-05-19T16:45:00.936] [DEBUG] cheese - null
[2021-05-19T16:45:06.950] [DEBUG] cheese - login => username:12321321,password:123456
[2021-05-19T16:45:06.950] [DEBUG] cheese - 12321321
[2021-05-19T16:45:06.952] [DEBUG] cheese - null
[2021-05-19T16:45:06.952] [DEBUG] cheese - null
[2021-05-19T16:45:52.543] [DEBUG] cheese - login => username:admin,password:123456
[2021-05-19T16:45:52.543] [DEBUG] cheese - admin
[2021-05-19T16:45:52.546] [DEBUG] cheese - null
[2021-05-19T16:45:52.547] [DEBUG] cheese - null
[2021-05-19T16:47:13.863] [DEBUG] cheese - login => username:admin,password:123456
[2021-05-19T16:47:13.863] [DEBUG] cheese - admin
[2021-05-19T16:47:13.865] [DEBUG] cheese - null
[2021-05-19T16:47:13.865] [DEBUG] cheese - null
[2021-05-19T16:47:16.109] [DEBUG] cheese - login => username:admin,password:123456
[2021-05-19T16:47:16.110] [DEBUG] cheese - admin
[2021-05-19T16:47:16.111] [DEBUG] cheese - null
[2021-05-19T16:47:16.111] [DEBUG] cheese - null
[2021-05-19T16:47:30.789] [DEBUG] cheese - login => username:admin,password:123456
[2021-05-19T16:47:30.789] [DEBUG] cheese - admin
[2021-05-19T16:47:30.791] [DEBUG] cheese - null
[2021-05-19T16:47:30.791] [DEBUG] cheese - null
[2021-05-19T16:47:55.733] [DEBUG] cheese - login => username:admin,password:123456
[2021-05-19T16:47:55.733] [DEBUG] cheese - admin
[2021-05-19T16:47:55.736] [DEBUG] cheese - null
[2021-05-19T16:47:55.736] [DEBUG] cheese - null
[2021-05-19T16:47:59.873] [DEBUG] cheese - login => username:admin,password:123456
[2021-05-19T16:47:59.874] [DEBUG] cheese - admin
[2021-05-19T16:47:59.876] [DEBUG] cheese - null
[2021-05-19T16:47:59.876] [DEBUG] cheese - null
[2021-05-19T16:48:18.809] [DEBUG] cheese - login => username:admin,password:123456
[2021-05-19T16:48:18.809] [DEBUG] cheese - admin
[2021-05-19T16:48:18.812] [DEBUG] cheese - null
[2021-05-19T16:48:18.812] [DEBUG] cheese - null
[2021-05-19T16:48:22.917] [DEBUG] cheese - login => username:admin1,password:123456
[2021-05-19T16:48:22.917] [DEBUG] cheese - admin1
[2021-05-19T16:48:22.919] [DEBUG] cheese - null
[2021-05-19T16:48:22.919] [DEBUG] cheese - null
[2021-05-19T16:51:14.252] [DEBUG] cheese - login => username:admin,password:123456
[2021-05-19T16:51:14.252] [DEBUG] cheese - admin
[2021-05-19T16:51:14.264] [DEBUG] cheese - null
[2021-05-19T16:51:14.264] [DEBUG] cheese - null
[2021-05-19T16:51:22.056] [DEBUG] cheese - login => username:admin,password:123456
[2021-05-19T16:51:22.056] [DEBUG] cheese - admin
[2021-05-19T16:51:22.058] [DEBUG] cheese - null
[2021-05-19T16:51:22.059] [DEBUG] cheese - null
[2021-05-19T16:51:25.450] [DEBUG] cheese - login => username:admin1,password:123456
[2021-05-19T16:51:25.450] [DEBUG] cheese - admin1
[2021-05-19T16:51:25.452] [DEBUG] cheese - null
[2021-05-19T16:51:25.452] [DEBUG] cheese - null
[2021-05-19T16:52:07.093] [DEBUG] cheese - login => username:admin,password:123456
[2021-05-19T16:52:07.093] [DEBUG] cheese - admin
[2021-05-19T16:52:07.095] [DEBUG] cheese - null
[2021-05-19T16:52:07.096] [DEBUG] cheese - null
[2021-05-19T16:52:10.456] [DEBUG] cheese - login => username:admin1,password:123456
[2021-05-19T16:52:10.456] [DEBUG] cheese - admin1
[2021-05-19T16:52:10.458] [DEBUG] cheese - null
[2021-05-19T16:52:10.458] [DEBUG] cheese - null
[2021-05-19T16:53:58.002] [DEBUG] cheese - login => username:admin,password:123456
[2021-05-19T16:53:58.002] [DEBUG] cheese - admin
[2021-05-19T16:53:58.004] [DEBUG] cheese - null
[2021-05-19T16:53:58.005] [DEBUG] cheese - null
[2021-05-19T16:54:17.222] [DEBUG] cheese - login => username:admin,password:123456
[2021-05-19T16:54:17.222] [DEBUG] cheese - admin
[2021-05-19T16:54:17.223] [DEBUG] cheese - null
[2021-05-19T16:54:17.223] [DEBUG] cheese - null
[2021-05-19T16:54:24.910] [DEBUG] cheese - login => username:admin,password:123456
[2021-05-19T16:54:24.910] [DEBUG] cheese - admin
[2021-05-19T16:54:24.912] [DEBUG] cheese - null
[2021-05-19T16:54:24.912] [DEBUG] cheese - null
[2021-05-19T16:54:31.481] [DEBUG] cheese - login => username:admin,password:123456
[2021-05-19T16:54:31.481] [DEBUG] cheese - admin
[2021-05-19T16:54:31.483] [DEBUG] cheese - null
[2021-05-19T16:54:31.483] [DEBUG] cheese - null
[2021-05-19T16:54:32.065] [DEBUG] cheese - login => username:admin,password:123456
[2021-05-19T16:54:32.065] [DEBUG] cheese - admin
[2021-05-19T16:54:32.067] [DEBUG] cheese - null
[2021-05-19T16:54:32.067] [DEBUG] cheese - null
[2021-05-19T16:54:32.299] [DEBUG] cheese - login => username:admin,password:123456
[2021-05-19T16:54:32.299] [DEBUG] cheese - admin
[2021-05-19T16:54:32.300] [DEBUG] cheese - null
[2021-05-19T16:54:32.301] [DEBUG] cheese - null
[2021-05-19T16:54:32.495] [DEBUG] cheese - login => username:admin,password:123456
[2021-05-19T16:54:32.495] [DEBUG] cheese - admin
[2021-05-19T16:54:32.497] [DEBUG] cheese - null
[2021-05-19T16:54:32.497] [DEBUG] cheese - null
[2021-05-19T16:54:32.682] [DEBUG] cheese - login => username:admin,password:123456
[2021-05-19T16:54:32.682] [DEBUG] cheese - admin
[2021-05-19T16:54:32.685] [DEBUG] cheese - null
[2021-05-19T16:54:32.685] [DEBUG] cheese - null
[2021-05-19T16:54:32.899] [DEBUG] cheese - login => username:admin,password:123456
[2021-05-19T16:54:32.899] [DEBUG] cheese - admin
[2021-05-19T16:54:32.901] [DEBUG] cheese - null
[2021-05-19T16:54:32.901] [DEBUG] cheese - null
[2021-05-19T16:54:33.093] [DEBUG] cheese - login => username:admin,password:123456
[2021-05-19T16:54:33.093] [DEBUG] cheese - admin
[2021-05-19T16:54:33.096] [DEBUG] cheese - null
[2021-05-19T16:54:33.096] [DEBUG] cheese - null
[2021-05-19T16:54:33.301] [DEBUG] cheese - login => username:admin,password:123456
[2021-05-19T16:54:33.301] [DEBUG] cheese - admin
[2021-05-19T16:54:33.303] [DEBUG] cheese - null
[2021-05-19T16:54:33.303] [DEBUG] cheese - null
[2021-05-19T16:54:33.513] [DEBUG] cheese - login => username:admin,password:123456
[2021-05-19T16:54:33.513] [DEBUG] cheese - admin
[2021-05-19T16:54:33.515] [DEBUG] cheese - null
[2021-05-19T16:54:33.516] [DEBUG] cheese - null
[2021-05-19T16:54:33.709] [DEBUG] cheese - login => username:admin,password:123456
[2021-05-19T16:54:33.709] [DEBUG] cheese - admin
[2021-05-19T16:54:33.711] [DEBUG] cheese - null
[2021-05-19T16:54:33.711] [DEBUG] cheese - null
[2021-05-19T16:56:10.284] [DEBUG] cheese - login => username:admin,password:123456
[2021-05-19T16:56:10.284] [DEBUG] cheese - admin
[2021-05-19T16:56:10.286] [DEBUG] cheese - null
[2021-05-19T16:56:10.286] [DEBUG] cheese - null
[2021-05-19T16:56:14.026] [DEBUG] cheese - login => username:admin,password:123456
[2021-05-19T16:56:14.026] [DEBUG] cheese - admin
[2021-05-19T16:56:14.028] [DEBUG] cheese - null
[2021-05-19T16:56:14.029] [DEBUG] cheese - null
[2021-05-19T16:56:33.504] [DEBUG] cheese - login => username:admin,password:123456
[2021-05-19T16:56:33.504] [DEBUG] cheese - admin
[2021-05-19T16:56:33.506] [DEBUG] cheese - null
[2021-05-19T16:56:33.506] [DEBUG] cheese - null
[2021-05-19T16:56:36.027] [DEBUG] cheese - login => username:admin,password:123456
[2021-05-19T16:56:36.027] [DEBUG] cheese - admin
[2021-05-19T16:56:36.029] [DEBUG] cheese - null
[2021-05-19T16:56:36.030] [DEBUG] cheese - null
[2021-05-19T16:58:31.179] [DEBUG] cheese - login => username:admin,password:123456
[2021-05-19T16:58:31.179] [DEBUG] cheese - admin
[2021-05-19T16:58:31.181] [DEBUG] cheese - null
[2021-05-19T16:58:31.181] [DEBUG] cheese - null
[2021-05-19T16:58:36.042] [DEBUG] cheese - login => username:admin,password:123456
[2021-05-19T16:58:36.042] [DEBUG] cheese - admin
[2021-05-19T16:58:36.045] [DEBUG] cheese - null
[2021-05-19T16:58:36.045] [DEBUG] cheese - null
[2021-05-19T16:59:28.667] [DEBUG] cheese - login => username:admin,password:123456
[2021-05-19T16:59:28.667] [DEBUG] cheese - admin
[2021-05-19T16:59:28.669] [DEBUG] cheese - null
[2021-05-19T16:59:28.669] [DEBUG] cheese - null
[2021-05-19T16:59:32.657] [DEBUG] cheese - login => username:admin,password:123456
[2021-05-19T16:59:32.657] [DEBUG] cheese - admin
[2021-05-19T16:59:32.661] [DEBUG] cheese - null
[2021-05-19T16:59:32.661] [DEBUG] cheese - null
[2021-05-19T16:59:43.682] [DEBUG] cheese - login => username:admin,password:123456
[2021-05-19T16:59:43.682] [DEBUG] cheese - admin
[2021-05-19T16:59:43.684] [DEBUG] cheese - null
[2021-05-19T16:59:43.684] [DEBUG] cheese - null
[2021-05-19T16:59:47.785] [DEBUG] cheese - login => username:admin,password:123456
[2021-05-19T16:59:47.785] [DEBUG] cheese - admin
[2021-05-19T16:59:47.788] [DEBUG] cheese - null
[2021-05-19T16:59:47.788] [DEBUG] cheese - null
[2021-05-19T16:59:54.803] [DEBUG] cheese - login => username:admin,password:123456
[2021-05-19T16:59:54.804] [DEBUG] cheese - admin
[2021-05-19T16:59:54.806] [DEBUG] cheese - null
[2021-05-19T16:59:54.806] [DEBUG] cheese - null
[2021-05-19T17:00:18.068] [DEBUG] cheese - login => username:admin,password:123456
[2021-05-19T17:00:18.068] [DEBUG] cheese - admin
[2021-05-19T17:00:18.072] [DEBUG] cheese - null
[2021-05-19T17:00:18.073] [DEBUG] cheese - null
[2021-05-19T17:04:36.878] [DEBUG] cheese - login => username:admin,password:123456
[2021-05-19T17:04:36.878] [DEBUG] cheese - admin
[2021-05-19T17:04:36.886] [DEBUG] cheese - null
[2021-05-19T17:04:36.886] [DEBUG] cheese - null
[2021-05-19T17:21:49.169] [DEBUG] cheese - login => username:admin,password:123456
[2021-05-19T17:21:49.169] [DEBUG] cheese - admin
[2021-05-19T17:21:49.176] [DEBUG] cheese - null
[2021-05-19T17:21:49.177] [DEBUG] cheese - null
[2021-05-20T13:08:58.326] [DEBUG] cheese - login => username:admin,password:123456
[2021-05-20T13:08:58.327] [DEBUG] cheese - admin
[2021-05-20T13:08:58.365] [DEBUG] cheese - null
[2021-05-20T13:08:58.366] [DEBUG] cheese - null
[2021-05-20T13:12:41.993] [DEBUG] cheese - login => username:admin,password:123456
[2021-05-20T13:12:41.993] [DEBUG] cheese - admin
[2021-05-20T13:12:41.997] [DEBUG] cheese - null
[2021-05-20T13:12:41.997] [DEBUG] cheese - null
[2021-05-20T13:13:12.467] [DEBUG] cheese - login => username:admin,password:123456
[2021-05-20T13:13:12.467] [DEBUG] cheese - admin
[2021-05-20T13:13:12.469] [DEBUG] cheese - null
[2021-05-20T13:13:12.469] [DEBUG] cheese - null
[2021-05-20T13:14:17.942] [DEBUG] cheese - login => username:admin,password:123456
[2021-05-20T13:14:17.942] [DEBUG] cheese - admin
[2021-05-20T13:14:17.944] [DEBUG] cheese - null
[2021-05-20T13:14:17.944] [DEBUG] cheese - null
[2021-05-20T13:15:01.694] [DEBUG] cheese - login => username:admin,password:123456
[2021-05-20T13:15:01.694] [DEBUG] cheese - admin
[2021-05-20T13:15:01.696] [DEBUG] cheese - null
[2021-05-20T13:15:01.696] [DEBUG] cheese - null
[2021-05-20T13:30:12.563] [DEBUG] cheese - login => username:admin,password:123456
[2021-05-20T13:30:12.563] [DEBUG] cheese - admin
[2021-05-20T13:30:12.567] [DEBUG] cheese - null
[2021-05-20T13:30:12.567] [DEBUG] cheese - null
[2021-05-20T13:30:15.894] [DEBUG] cheese - login => username:admin,password:123456
[2021-05-20T13:30:15.895] [DEBUG] cheese - admin
[2021-05-20T13:30:15.897] [DEBUG] cheese - null
[2021-05-20T13:30:15.898] [DEBUG] cheese - null
[2021-05-20T14:50:10.676] [DEBUG] cheese - login => username:admin,password:123456
[2021-05-20T14:50:10.677] [DEBUG] cheese - admin
[2021-05-20T14:50:10.690] [DEBUG] cheese - null
[2021-05-20T14:50:10.690] [DEBUG] cheese - null
[2021-05-20T14:54:33.763] [DEBUG] cheese - login => username:admin,password:123456
[2021-05-20T14:54:33.766] [DEBUG] cheese - admin
[2021-05-20T14:54:33.775] [DEBUG] cheese - null
[2021-05-20T14:54:33.776] [DEBUG] cheese - null
[2021-05-20T14:55:40.017] [DEBUG] cheese - login => username:admin,password:123456
[2021-05-20T14:55:40.017] [DEBUG] cheese - admin
[2021-05-20T14:55:40.021] [DEBUG] cheese - null
[2021-05-20T14:55:40.021] [DEBUG] cheese - null
[2021-05-20T14:57:11.577] [DEBUG] cheese - login => username:admin,password:123456
[2021-05-20T14:57:11.577] [DEBUG] cheese - admin
[2021-05-20T14:57:11.579] [DEBUG] cheese - null
[2021-05-20T14:57:11.579] [DEBUG] cheese - null
[2021-05-21T09:05:09.978] [DEBUG] cheese - login => username:admin,password:123456
[2021-05-21T09:05:09.979] [DEBUG] cheese - admin
[2021-05-21T09:05:10.017] [DEBUG] cheese - null
[2021-05-21T09:05:10.017] [DEBUG] cheese - null
[2021-05-21T09:49:54.373] [DEBUG] cheese - login => username:admin,password:123456
[2021-05-21T09:49:54.373] [DEBUG] cheese - admin
[2021-05-21T09:49:54.378] [DEBUG] cheese - null
[2021-05-21T09:49:54.378] [DEBUG] cheese - null
